0: 0<->1 0<->2 1<->2 0<->3 1<->3 INVALID
0: 0<->1 0<->2 1<->2 1<->3 0<->3 INVALID
0: 0<->1 0<->2 0<->3 1<->2 1<->3 INVALID
0: 0<->1 0<->2 0<->3 1<->3 1<->2 INVALID
0: 0<->1 0<->2 1<->3 1<->2 0<->3 INVALID
0: 0<->1 0<->2 1<->3 0<->3 1<->2 INVALID
0: 0<->1 1<->2 0<->2 0<->3 1<->3 INVALID
0: 0<->1 1<->2 0<->2 1<->3 0<->3 INVALID
0: 0<->1 1<->2 0<->3 0<->2 1<->3 INVALID
0: 0<->1 1<->2 0<->3 1<->3 0<->2 INVALID
0: 0<->1 1<->2 1<->3 0<->2 0<->3 INVALID
0: 0<->1 1<->2 1<->3 0<->3 0<->2 INVALID
0: 0<->1 0<->3 0<->2 1<->2 1<->3 INVALID
0: 0<->1 0<->3 0<->2 1<->3 1<->2 INVALID
0: 0<->1 0<->3 1<->2 0<->2 1<->3 INVALID
0: 0<->1 0<->3 1<->2 1<->3 0<->2 INVALID
0: 0<->1 0<->3 1<->3 0<->2 1<->2 INVALID
0: 0<->1 0<->3 1<->3 1<->2 0<->2 INVALID
0: 0<->1 1<->3 0<->2 1<->2 0<->3 INVALID
0: 0<->1 1<->3 0<->2 0<->3 1<->2 INVALID
0: 0<->1 1<->3 1<->2 0<->2 0<->3 INVALID
0: 0<->1 1<->3 1<->2 0<->3 0<->2 INVALID
0: 0<->1 1<->3 0<->3 0<->2 1<->2 INVALID
0: 0<->1 1<->3 0<->3 1<->2 0<->2 INVALID
0: 0<->2 0<->1 1<->2 0<->3 1<->3 INVALID
0: 0<->2 0<->1 1<->2 1<->3 0<->3 INVALID
0: 0<->2 0<->1 0<->3 1<->2 1<->3 INVALID
0: 0<->2 0<->1 0<->3 1<->3 1<->2 INVALID
0: 0<->2 0<->1 1<->3 1<->2 0<->3 INVALID
0: 0<->2 0<->1 1<->3 0<->3 1<->2 INVALID
0: 0<->2 1<->2 0<->1 0<->3 1<->3 INVALID
0: 0<->2 1<->2 0<->1 1<->3 0<->3 INVALID
0: 0<->2 1<->2 0<->3 0<->1 1<->3 INVALID
0: 0<->2 1<->2 0<->3 1<->3 0<->1 INVALID
0: 0<->2 1<->2 1<->3 0<->1 0<->3 INVALID
0: 0<->2 1<->2 1<->3 0<->3 0<->1 INVALID
0: 0<->2 0<->3 0<->1 1<->2 1<->3 INVALID
0: 0<->2 0<->3 0<->1 1<->3 1<->2 INVALID
0: 0<->2 0<->3 1<->2 0<->1 1<->3 INVALID
0: 0<->2 0<->3 1<->2 1<->3 0<->1 INVALID
0: 0<->2 0<->3 1<->3 0<->1 1<->2 INVALID
0: 0<->2 0<->3 1<->3 1<->2 0<->1 INVALID
0: 0<->2 1<->3 0<->1 1<->2 0<->3 INVALID
0: 0<->2 1<->3 0<->1 0<->3 1<->2 INVALID
0: 0<->2 1<->3 1<->2 0<->1 0<->3 INVALID
0: 0<->2 1<->3 1<->2 0<->3 0<->1 INVALID
0: 0<->2 1<->3 0<->3 0<->1 1<->2 INVALID
0: 0<->2 1<->3 0<->3 1<->2 0<->1 INVALID
0: 1<->2 0<->1 0<->2 0<->3 1<->3 INVALID
0: 1<->2 0<->1 0<->2 1<->3 0<->3 INVALID
0: 1<->2 0<->1 0<->3 0<->2 1<->3 INVALID
0: 1<->2 0<->1 0<->3 1<->3 0<->2 INVALID
0: 1<->2 0<->1 1<->3 0<->2 0<->3 INVALID
0: 1<->2 0<->1 1<->3 0<->3 0<->2 INVALID
0: 1<->2 0<->2 0<->1 0<->3 1<->3 INVALID
0: 1<->2 0<->2 0<->1 1<->3 0<->3 INVALID
0: 1<->2 0<->2 0<->3 0<->1 1<->3 INVALID
0: 1<->2 0<->2 0<->3 1<->3 0<->1 INVALID
0: 1<->2 0<->2 1<->3 0<->1 0<->3 INVALID
0: 1<->2 0<->2 1<->3 0<->3 0<->1 INVALID
0: 1<->2 0<->3 0<->1 0<->2 1<->3 INVALID
0: 1<->2 0<->3 0<->1 1<->3 0<->2 INVALID
0: 1<->2 0<->3 0<->2 0<->1 1<->3 INVALID
0: 1<->2 0<->3 0<->2 1<->3 0<->1 INVALID
0: 1<->2 0<->3 1<->3 0<->1 0<->2 INVALID
0: 1<->2 0<->3 1<->3 0<->2 0<->1 INVALID
0: 1<->2 1<->3 0<->1 0<->2 0<->3 INVALID
0: 1<->2 1<->3 0<->1 0<->3 0<->2 INVALID
0: 1<->2 1<->3 0<->2 0<->1 0<->3 INVALID
0: 1<->2 1<->3 0<->2 0<->3 0<->1 INVALID
0: 1<->2 1<->3 0<->3 0<->1 0<->2 INVALID
0: 1<->2 1<->3 0<->3 0<->2 0<->1 INVALID
0: 0<->3 0<->1 0<->2 1<->2 1<->3 INVALID
0: 0<->3 0<->1 0<->2 1<->3 1<->2 INVALID
0: 0<->3 0<->1 1<->2 0<->2 1<->3 INVALID
0: 0<->3 0<->1 1<->2 1<->3 0<->2 INVALID
0: 0<->3 0<->1 1<->3 0<->2 1<->2 INVALID
0: 0<->3 0<->1 1<->3 1<->2 0<->2 INVALID
0: 0<->3 0<->2 0<->1 1<->2 1<->3 INVALID
0: 0<->3 0<->2 0<->1 1<->3 1<->2 INVALID
0: 0<->3 0<->2 1<->2 0<->1 1<->3 INVALID
0: 0<->3 0<->2 1<->2 1<->3 0<->1 INVALID
0: 0<->3 0<->2 1<->3 0<->1 1<->2 INVALID
0: 0<->3 0<->2 1<->3 1<->2 0<->1 INVALID
0: 0<->3 1<->2 0<->1 0<->2 1<->3 INVALID
0: 0<->3 1<->2 0<->1 1<->3 0<->2 INVALID
0: 0<->3 1<->2 0<->2 0<->1 1<->3 INVALID
0: 0<->3 1<->2 0<->2 1<->3 0<->1 INVALID
0: 0<->3 1<->2 1<->3 0<->1 0<->2 INVALID
0: 0<->3 1<->2 1<->3 0<->2 0<->1 INVALID
0: 0<->3 1<->3 0<->1 0<->2 1<->2 INVALID
0: 0<->3 1<->3 0<->1 1<->2 0<->2 INVALID
0: 0<->3 1<->3 0<->2 0<->1 1<->2 INVALID
0: 0<->3 1<->3 0<->2 1<->2 0<->1 INVALID
0: 0<->3 1<->3 1<->2 0<->1 0<->2 INVALID
0: 0<->3 1<->3 1<->2 0<->2 0<->1 INVALID
0: 1<->3 0<->1 0<->2 1<->2 0<->3 INVALID
0: 1<->3 0<->1 0<->2 0<->3 1<->2 INVALID
0: 1<->3 0<->1 1<->2 0<->2 0<->3 INVALID
0: 1<->3 0<->1 1<->2 0<->3 0<->2 INVALID
0: 1<->3 0<->1 0<->3 0<->2 1<->2 INVALID
0: 1<->3 0<->1 0<->3 1<->2 0<->2 INVALID
0: 1<->3 0<->2 0<->1 1<->2 0<->3 INVALID
0: 1<->3 0<->2 0<->1 0<->3 1<->2 INVALID
0: 1<->3 0<->2 1<->2 0<->1 0<->3 INVALID
0: 1<->3 0<->2 1<->2 0<->3 0<->1 INVALID
0: 1<->3 0<->2 0<->3 0<->1 1<->2 INVALID
0: 1<->3 0<->2 0<->3 1<->2 0<->1 INVALID
0: 1<->3 1<->2 0<->1 0<->2 0<->3 INVALID
0: 1<->3 1<->2 0<->1 0<->3 0<->2 INVALID
0: 1<->3 1<->2 0<->2 0<->1 0<->3 INVALID
0: 1<->3 1<->2 0<->2 0<->3 0<->1 INVALID
0: 1<->3 1<->2 0<->3 0<->1 0<->2 INVALID
0: 1<->3 1<->2 0<->3 0<->2 0<->1 INVALID
0: 1<->3 0<->3 0<->1 0<->2 1<->2 INVALID
0: 1<->3 0<->3 0<->1 1<->2 0<->2 INVALID
0: 1<->3 0<->3 0<->2 0<->1 1<->2 INVALID
0: 1<->3 0<->3 0<->2 1<->2 0<->1 INVALID
0: 1<->3 0<->3 1<->2 0<->1 0<->2 INVALID
0: 1<->3 0<->3 1<->2 0<->2 0<->1 INVALID
1: 0<->1 0<->2 1<->2 0<->3 2<->3 INVALID
1: 0<->1 0<->2 1<->2 2<->3 0<->3 INVALID
1: 0<->1 0<->2 0<->3 1<->2 2<->3 INVALID
1: 0<->1 0<->2 0<->3 2<->3 1<->2 INVALID
1: 0<->1 0<->2 2<->3 1<->2 0<->3 INVALID
1: 0<->1 0<->2 2<->3 0<->3 1<->2 INVALID
1: 0<->1 1<->2 0<->2 0<->3 2<->3 INVALID
1: 0<->1 1<->2 0<->2 2<->3 0<->3 INVALID
1: 0<->1 1<->2 0<->3 0<->2 2<->3 INVALID
1: 0<->1 1<->2 0<->3 2<->3 0<->2 INVALID
1: 0<->1 1<->2 2<->3 0<->2 0<->3 INVALID
1: 0<->1 1<->2 2<->3 0<->3 0<->2 INVALID
1: 0<->1 0<->3 0<->2 1<->2 2<->3 INVALID
1: 0<->1 0<->3 0<->2 2<->3 1<->2 INVALID
1: 0<->1 0<->3 1<->2 0<->2 2<->3 INVALID
1: 0<->1 0<->3 1<->2 2<->3 0<->2 INVALID
1: 0<->1 0<->3 2<->3 0<->2 1<->2 INVALID
1: 0<->1 0<->3 2<->3 1<->2 0<->2 INVALID
1: 0<->1 2<->3 0<->2 1<->2 0<->3 INVALID
1: 0<->1 2<->3 0<->2 0<->3 1<->2 INVALID
1: 0<->1 2<->3 1<->2 0<->2 0<->3 INVALID
1: 0<->1 2<->3 1<->2 0<->3 0<->2 INVALID
1: 0<->1 2<->3 0<->3 0<->2 1<->2 INVALID
1: 0<->1 2<->3 0<->3 1<->2 0<->2 INVALID
1: 0<->2 0<->1 1<->2 0<->3 2<->3 INVALID
1: 0<->2 0<->1 1<->2 2<->3 0<->3 INVALID
1: 0<->2 0<->1 0<->3 1<->2 2<->3 INVALID
1: 0<->2 0<->1 0<->3 2<->3 1<->2 INVALID
1: 0<->2 0<->1 2<->3 1<->2 0<->3 INVALID
1: 0<->2 0<->1 2<->3 0<->3 1<->2 INVALID
1: 0<->2 1<->2 0<->1 0<->3 2<->3 INVALID
1: 0<->2 1<->2 0<->1 2<->3 0<->3 INVALID
1: 0<->2 1<->2 0<->3 0<->1 2<->3 INVALID
1: 0<->2 1<->2 0<->3 2<->3 0<->1 INVALID
1: 0<->2 1<->2 2<->3 0<->1 0<->3 INVALID
1: 0<->2 1<->2 2<->3 0<->3 0<->1 INVALID
1: 0<->2 0<->3 0<->1 1<->2 2<->3 INVALID
1: 0<->2 0<->3 0<->1 2<->3 1<->2 INVALID
1: 0<->2 0<->3 1<->2 0<->1 2<->3 INVALID
1: 0<->2 0<->3 1<->2 2<->3 0<->1 INVALID
1: 0<->2 0<->3 2<->3 0<->1 1<->2 INVALID
1: 0<->2 0<->3 2<->3 1<->2 0<->1 INVALID
1: 0<->2 2<->3 0<->1 1<->2 0<->3 INVALID
1: 0<->2 2<->3 0<->1 0<->3 1<->2 INVALID
1: 0<->2 2<->3 1<->2 0<->1 0<->3 INVALID
1: 0<->2 2<->3 1<->2 0<->3 0<->1 INVALID
1: 0<->2 2<->3 0<->3 0<->1 1<->2 INVALID
1: 0<->2 2<->3 0<->3 1<->2 0<->1 INVALID
1: 1<->2 0<->1 0<->2 0<->3 2<->3 INVALID
1: 1<->2 0<->1 0<->2 2<->3 0<->3 INVALID
1: 1<->2 0<->1 0<->3 0<->2 2<->3 INVALID
1: 1<->2 0<->1 0<->3 2<->3 0<->2 INVALID
1: 1<->2 0<->1 2<->3 0<->2 0<->3 INVALID
1: 1<->2 0<->1 2<->3 0<->3 0<->2 INVALID
1: 1<->2 0<->2 0<->1 0<->3 2<->3 INVALID
1: 1<->2 0<->2 0<->1 2<->3 0<->3 INVALID
1: 1<->2 0<->2 0<->3 0<->1 2<->3 INVALID
1: 1<->2 0<->2 0<->3 2<->3 0<->1 INVALID
1: 1<->2 0<->2 2<->3 0<->1 0<->3 INVALID
1: 1<->2 0<->2 2<->3 0<->3 0<->1 INVALID
1: 1<->2 0<->3 0<->1 0<->2 2<->3 INVALID
1: 1<->2 0<->3 0<->1 2<->3 0<->2 INVALID
1: 1<->2 0<->3 0<->2 0<->1 2<->3 INVALID
1: 1<->2 0<->3 0<->2 2<->3 0<->1 INVALID
1: 1<->2 0<->3 2<->3 0<->1 0<->2 INVALID
1: 1<->2 0<->3 2<->3 0<->2 0<->1 INVALID
1: 1<->2 2<->3 0<->1 0<->2 0<->3 INVALID
1: 1<->2 2<->3 0<->1 0<->3 0<->2 INVALID
1: 1<->2 2<->3 0<->2 0<->1 0<->3 INVALID
1: 1<->2 2<->3 0<->2 0<->3 0<->1 INVALID
1: 1<->2 2<->3 0<->3 0<->1 0<->2 INVALID
1: 1<->2 2<->3 0<->3 0<->2 0<->1 INVALID
1: 0<->3 0<->1 0<->2 1<->2 2<->3 INVALID
1: 0<->3 0<->1 0<->2 2<->3 1<->2 INVALID
1: 0<->3 0<->1 1<->2 0<->2 2<->3 INVALID
1: 0<->3 0<->1 1<->2 2<->3 0<->2 INVALID
1: 0<->3 0<->1 2<->3 0<->2 1<->2 INVALID
1: 0<->3 0<->1 2<->3 1<->2 0<->2 INVALID
1: 0<->3 0<->2 0<->1 1<->2 2<->3 INVALID
1: 0<->3 0<->2 0<->1 2<->3 1<->2 INVALID
1: 0<->3 0<->2 1<->2 0<->1 2<->3 INVALID
1: 0<->3 0<->2 1<->2 2<->3 0<->1 INVALID
1: 0<->3 0<->2 2<->3 0<->1 1<->2 INVALID
1: 0<->3 0<->2 2<->3 1<->2 0<->1 INVALID
1: 0<->3 1<->2 0<->1 0<->2 2<->3 INVALID
1: 0<->3 1<->2 0<->1 2<->3 0<->2 INVALID
1: 0<->3 1<->2 0<->2 0<->1 2<->3 INVALID
1: 0<->3 1<->2 0<->2 2<->3 0<->1 INVALID
1: 0<->3 1<->2 2<->3 0<->1 0<->2 INVALID
1: 0<->3 1<->2 2<->3 0<->2 0<->1 INVALID
1: 0<->3 2<->3 0<->1 0<->2 1<->2 INVALID
1: 0<->3 2<->3 0<->1 1<->2 0<->2 INVALID
1: 0<->3 2<->3 0<->2 0<->1 1<->2 INVALID
1: 0<->3 2<->3 0<->2 1<->2 0<->1 INVALID
1: 0<->3 2<->3 1<->2 0<->1 0<->2 INVALID
1: 0<->3 2<->3 1<->2 0<->2 0<->1 INVALID
1: 2<->3 0<->1 0<->2 1<->2 0<->3 INVALID
1: 2<->3 0<->1 0<->2 0<->3 1<->2 INVALID
1: 2<->3 0<->1 1<->2 0<->2 0<->3 INVALID
1: 2<->3 0<->1 1<->2 0<->3 0<->2 INVALID
1: 2<->3 0<->1 0<->3 0<->2 1<->2 INVALID
1: 2<->3 0<->1 0<->3 1<->2 0<->2 INVALID
1: 2<->3 0<->2 0<->1 1<->2 0<->3 INVALID
1: 2<->3 0<->2 0<->1 0<->3 1<->2 INVALID
1: 2<->3 0<->2 1<->2 0<->1 0<->3 INVALID
1: 2<->3 0<->2 1<->2 0<->3 0<->1 INVALID
1: 2<->3 0<->2 0<->3 0<->1 1<->2 INVALID
1: 2<->3 0<->2 0<->3 1<->2 0<->1 INVALID
1: 2<->3 1<->2 0<->1 0<->2 0<->3 INVALID
1: 2<->3 1<->2 0<->1 0<->3 0<->2 INVALID
1: 2<->3 1<->2 0<->2 0<->1 0<->3 INVALID
1: 2<->3 1<->2 0<->2 0<->3 0<->1 INVALID
1: 2<->3 1<->2 0<->3 0<->1 0<->2 INVALID
1: 2<->3 1<->2 0<->3 0<->2 0<->1 INVALID
1: 2<->3 0<->3 0<->1 0<->2 1<->2 INVALID
1: 2<->3 0<->3 0<->1 1<->2 0<->2 INVALID
1: 2<->3 0<->3 0<->2 0<->1 1<->2 INVALID
1: 2<->3 0<->3 0<->2 1<->2 0<->1 INVALID
1: 2<->3 0<->3 1<->2 0<->1 0<->2 INVALID
1: 2<->3 0<->3 1<->2 0<->2 0<->1 INVALID
2: 0<->1 0<->2 1<->2 1<->3 2<->3 VALID
2: 0<->1 0<->2 1<->2 2<->3 1<->3 INVALID
2: 0<->1 0<->2 1<->3 1<->2 2<->3 VALID
2: 0<->1 0<->2 1<->3 2<->3 1<->2 VALID
2: 0<->1 0<->2 2<->3 1<->2 1<->3 INVALID
2: 0<->1 0<->2 2<->3 1<->3 1<->2 VALID
2: 0<->1 1<->2 0<->2 1<->3 2<->3 INVALID
2: 0<->1 1<->2 0<->2 2<->3 1<->3 INVALID
2: 0<->1 1<->2 1<->3 0<->2 2<->3 INVALID
2: 0<->1 1<->2 1<->3 2<->3 0<->2 VALID
2: 0<->1 1<->2 2<->3 0<->2 1<->3 INVALID
2: 0<->1 1<->2 2<->3 1<->3 0<->2 INVALID
2: 0<->1 1<->3 0<->2 1<->2 2<->3 VALID
2: 0<->1 1<->3 0<->2 2<->3 1<->2 VALID
2: 0<->1 1<->3 1<->2 0<->2 2<->3 VALID
2: 0<->1 1<->3 1<->2 2<->3 0<->2 VALID
2: 0<->1 1<->3 2<->3 0<->2 1<->2 VALID
2: 0<->1 1<->3 2<->3 1<->2 0<->2 VALID
2: 0<->1 2<->3 0<->2 1<->2 1<->3 INVALID
2: 0<->1 2<->3 0<->2 1<->3 1<->2 VALID
2: 0<->1 2<->3 1<->2 0<->2 1<->3 INVALID
2: 0<->1 2<->3 1<->2 1<->3 0<->2 INVALID
2: 0<->1 2<->3 1<->3 0<->2 1<->2 VALID
2: 0<->1 2<->3 1<->3 1<->2 0<->2 VALID
2: 0<->2 0<->1 1<->2 1<->3 2<->3 VALID
2: 0<->2 0<->1 1<->2 2<->3 1<->3 INVALID
2: 0<->2 0<->1 1<->3 1<->2 2<->3 VALID
2: 0<->2 0<->1 1<->3 2<->3 1<->2 VALID
2: 0<->2 0<->1 2<->3 1<->2 1<->3 INVALID
2: 0<->2 0<->1 2<->3 1<->3 1<->2 VALID
2: 0<->2 1<->2 0<->1 1<->3 2<->3 VALID
2: 0<->2 1<->2 0<->1 2<->3 1<->3 INVALID
2: 0<->2 1<->2 1<->3 0<->1 2<->3 INVALID
2: 0<->2 1<->2 1<->3 2<->3 0<->1 INVALID
2: 0<->2 1<->2 2<->3 0<->1 1<->3 INVALID
2: 0<->2 1<->2 2<->3 1<->3 0<->1 INVALID
2: 0<->2 1<->3 0<->1 1<->2 2<->3 INVALID
2: 0<->2 1<->3 0<->1 2<->3 1<->2 VALID
2: 0<->2 1<->3 1<->2 0<->1 2<->3 INVALID
2: 0<->2 1<->3 1<->2 2<->3 0<->1 INVALID
2: 0<->2 1<->3 2<->3 0<->1 1<->2 VALID
2: 0<->2 1<->3 2<->3 1<->2 0<->1 INVALID
2: 0<->2 2<->3 0<->1 1<->2 1<->3 INVALID
2: 0<->2 2<->3 0<->1 1<->3 1<->2 VALID
2: 0<->2 2<->3 1<->2 0<->1 1<->3 INVALID
2: 0<->2 2<->3 1<->2 1<->3 0<->1 INVALID
2: 0<->2 2<->3 1<->3 0<->1 1<->2 VALID
2: 0<->2 2<->3 1<->3 1<->2 0<->1 INVALID
2: 1<->2 0<->1 0<->2 1<->3 2<->3 INVALID
2: 1<->2 0<->1 0<->2 2<->3 1<->3 INVALID
2: 1<->2 0<->1 1<->3 0<->2 2<->3 INVALID
2: 1<->2 0<->1 1<->3 2<->3 0<->2 INVALID
2: 1<->2 0<->1 2<->3 0<->2 1<->3 INVALID
2: 1<->2 0<->1 2<->3 1<->3 0<->2 INVALID
2: 1<->2 0<->2 0<->1 1<->3 2<->3 VALID
2: 1<->2 0<->2 0<->1 2<->3 1<->3 INVALID
2: 1<->2 0<->2 1<->3 0<->1 2<->3 INVALID
2: 1<->2 0<->2 1<->3 2<->3 0<->1 INVALID
2: 1<->2 0<->2 2<->3 0<->1 1<->3 INVALID
2: 1<->2 0<->2 2<->3 1<->3 0<->1 INVALID
2: 1<->2 1<->3 0<->1 0<->2 2<->3 INVALID
2: 1<->2 1<->3 0<->1 2<->3 0<->2 INVALID
2: 1<->2 1<->3 0<->2 0<->1 2<->3 INVALID
2: 1<->2 1<->3 0<->2 2<->3 0<->1 INVALID
2: 1<->2 1<->3 2<->3 0<->1 0<->2 INVALID
2: 1<->2 1<->3 2<->3 0<->2 0<->1 INVALID
2: 1<->2 2<->3 0<->1 0<->2 1<->3 INVALID
2: 1<->2 2<->3 0<->1 1<->3 0<->2 INVALID
2: 1<->2 2<->3 0<->2 0<->1 1<->3 INVALID
2: 1<->2 2<->3 0<->2 1<->3 0<->1 INVALID
2: 1<->2 2<->3 1<->3 0<->1 0<->2 INVALID
2: 1<->2 2<->3 1<->3 0<->2 0<->1 INVALID
2: 1<->3 0<->1 0<->2 1<->2 2<->3 INVALID
2: 1<->3 0<->1 0<->2 2<->3 1<->2 INVALID
2: 1<->3 0<->1 1<->2 0<->2 2<->3 INVALID
2: 1<->3 0<->1 1<->2 2<->3 0<->2 INVALID
2: 1<->3 0<->1 2<->3 0<->2 1<->2 INVALID
2: 1<->3 0<->1 2<->3 1<->2 0<->2 INVALID
2: 1<->3 0<->2 0<->1 1<->2 2<->3 INVALID
2: 1<->3 0<->2 0<->1 2<->3 1<->2 VALID
2: 1<->3 0<->2 1<->2 0<->1 2<->3 INVALID
2: 1<->3 0<->2 1<->2 2<->3 0<->1 INVALID
2: 1<->3 0<->2 2<->3 0<->1 1<->2 VALID
2: 1<->3 0<->2 2<->3 1<->2 0<->1 INVALID
2: 1<->3 1<->2 0<->1 0<->2 2<->3 INVALID
2: 1<->3 1<->2 0<->1 2<->3 0<->2 INVALID
2: 1<->3 1<->2 0<->2 0<->1 2<->3 INVALID
2: 1<->3 1<->2 0<->2 2<->3 0<->1 INVALID
2: 1<->3 1<->2 2<->3 0<->1 0<->2 INVALID
2: 1<->3 1<->2 2<->3 0<->2 0<->1 INVALID
2: 1<->3 2<->3 0<->1 0<->2 1<->2 INVALID
2: 1<->3 2<->3 0<->1 1<->2 0<->2 INVALID
2: 1<->3 2<->3 0<->2 0<->1 1<->2 INVALID
2: 1<->3 2<->3 0<->2 1<->2 0<->1 INVALID
2: 1<->3 2<->3 1<->2 0<->1 0<->2 INVALID
2: 1<->3 2<->3 1<->2 0<->2 0<->1 INVALID
2: 2<->3 0<->1 0<->2 1<->2 1<->3 INVALID
2: 2<->3 0<->1 0<->2 1<->3 1<->2 VALID
2: 2<->3 0<->1 1<->2 0<->2 1<->3 INVALID
2: 2<->3 0<->1 1<->2 1<->3 0<->2 INVALID
2: 2<->3 0<->1 1<->3 0<->2 1<->2 VALID
2: 2<->3 0<->1 1<->3 1<->2 0<->2 VALID
2: 2<->3 0<->2 0<->1 1<->2 1<->3 INVALID
2: 2<->3 0<->2 0<->1 1<->3 1<->2 INVALID
2: 2<->3 0<->2 1<->2 0<->1 1<->3 INVALID
2: 2<->3 0<->2 1<->2 1<->3 0<->1 INVALID
2: 2<->3 0<->2 1<->3 0<->1 1<->2 INVALID
2: 2<->3 0<->2 1<->3 1<->2 0<->1 INVALID
2: 2<->3 1<->2 0<->1 0<->2 1<->3 INVALID
2: 2<->3 1<->2 0<->1 1<->3 0<->2 INVALID
2: 2<->3 1<->2 0<->2 0<->1 1<->3 INVALID
2: 2<->3 1<->2 0<->2 1<->3 0<->1 INVALID
2: 2<->3 1<->2 1<->3 0<->1 0<->2 INVALID
2: 2<->3 1<->2 1<->3 0<->2 0<->1 INVALID
2: 2<->3 1<->3 0<->1 0<->2 1<->2 INVALID
2: 2<->3 1<->3 0<->1 1<->2 0<->2 INVALID
2: 2<->3 1<->3 0<->2 0<->1 1<->2 INVALID
2: 2<->3 1<->3 0<->2 1<->2 0<->1 INVALID
2: 2<->3 1<->3 1<->2 0<->1 0<->2 INVALID
2: 2<->3 1<->3 1<->2 0<->2 0<->1 INVALID
3: 0<->1 0<->2 0<->3 1<->3 2<->3 INVALID
3: 0<->1 0<->2 0<->3 2<->3 1<->3 INVALID
3: 0<->1 0<->2 1<->3 0<->3 2<->3 INVALID
3: 0<->1 0<->2 1<->3 2<->3 0<->3 INVALID
3: 0<->1 0<->2 2<->3 0<->3 1<->3 INVALID
3: 0<->1 0<->2 2<->3 1<->3 0<->3 INVALID
3: 0<->1 0<->3 0<->2 1<->3 2<->3 INVALID
3: 0<->1 0<->3 0<->2 2<->3 1<->3 INVALID
3: 0<->1 0<->3 1<->3 0<->2 2<->3 INVALID
3: 0<->1 0<->3 1<->3 2<->3 0<->2 INVALID
3: 0<->1 0<->3 2<->3 0<->2 1<->3 INVALID
3: 0<->1 0<->3 2<->3 1<->3 0<->2 INVALID
3: 0<->1 1<->3 0<->2 0<->3 2<->3 INVALID
3: 0<->1 1<->3 0<->2 2<->3 0<->3 INVALID
3: 0<->1 1<->3 0<->3 0<->2 2<->3 INVALID
3: 0<->1 1<->3 0<->3 2<->3 0<->2 INVALID
3: 0<->1 1<->3 2<->3 0<->2 0<->3 INVALID
3: 0<->1 1<->3 2<->3 0<->3 0<->2 INVALID
3: 0<->1 2<->3 0<->2 0<->3 1<->3 INVALID
3: 0<->1 2<->3 0<->2 1<->3 0<->3 INVALID
3: 0<->1 2<->3 0<->3 0<->2 1<->3 INVALID
3: 0<->1 2<->3 0<->3 1<->3 0<->2 INVALID
3: 0<->1 2<->3 1<->3 0<->2 0<->3 INVALID
3: 0<->1 2<->3 1<->3 0<->3 0<->2 INVALID
3: 0<->2 0<->1 0<->3 1<->3 2<->3 INVALID
3: 0<->2 0<->1 0<->3 2<->3 1<->3 INVALID
3: 0<->2 0<->1 1<->3 0<->3 2<->3 INVALID
3: 0<->2 0<->1 1<->3 2<->3 0<->3 INVALID
3: 0<->2 0<->1 2<->3 0<->3 1<->3 INVALID
3: 0<->2 0<->1 2<->3 1<->3 0<->3 INVALID
3: 0<->2 0<->3 0<->1 1<->3 2<->3 INVALID
3: 0<->2 0<->3 0<->1 2<->3 1<->3 INVALID
3: 0<->2 0<->3 1<->3 0<->1 2<->3 INVALID
3: 0<->2 0<->3 1<->3 2<->3 0<->1 INVALID
3: 0<->2 0<->3 2<->3 0<->1 1<->3 INVALID
3: 0<->2 0<->3 2<->3 1<->3 0<->1 INVALID
3: 0<->2 1<->3 0<->1 0<->3 2<->3 INVALID
3: 0<->2 1<->3 0<->1 2<->3 0<->3 INVALID
3: 0<->2 1<->3 0<->3 0<->1 2<->3 INVALID
3: 0<->2 1<->3 0<->3 2<->3 0<->1 INVALID
3: 0<->2 1<->3 2<->3 0<->1 0<->3 INVALID
3: 0<->2 1<->3 2<->3 0<->3 0<->1 INVALID
3: 0<->2 2<->3 0<->1 0<->3 1<->3 INVALID
3: 0<->2 2<->3 0<->1 1<->3 0<->3 INVALID
3: 0<->2 2<->3 0<->3 0<->1 1<->3 INVALID
3: 0<->2 2<->3 0<->3 1<->3 0<->1 INVALID
3: 0<->2 2<->3 1<->3 0<->1 0<->3 INVALID
3: 0<->2 2<->3 1<->3 0<->3 0<->1 INVALID
3: 0<->3 0<->1 0<->2 1<->3 2<->3 INVALID
3: 0<->3 0<->1 0<->2 2<->3 1<->3 INVALID
3: 0<->3 0<->1 1<->3 0<->2 2<->3 INVALID
3: 0<->3 0<->1 1<->3 2<->3 0<->2 INVALID
3: 0<->3 0<->1 2<->3 0<->2 1<->3 INVALID
3: 0<->3 0<->1 2<->3 1<->3 0<->2 INVALID
3: 0<->3 0<->2 0<->1 1<->3 2<->3 INVALID
3: 0<->3 0<->2 0<->1 2<->3 1<->3 INVALID
3: 0<->3 0<->2 1<->3 0<->1 2<->3 INVALID
3: 0<->3 0<->2 1<->3 2<->3 0<->1 INVALID
3: 0<->3 0<->2 2<->3 0<->1 1<->3 INVALID
3: 0<->3 0<->2 2<->3 1<->3 0<->1 INVALID
3: 0<->3 1<->3 0<->1 0<->2 2<->3 INVALID
3: 0<->3 1<->3 0<->1 2<->3 0<->2 INVALID
3: 0<->3 1<->3 0<->2 0<->1 2<->3 INVALID
3: 0<->3 1<->3 0<->2 2<->3 0<->1 INVALID
3: 0<->3 1<->3 2<->3 0<->1 0<->2 INVALID
3: 0<->3 1<->3 2<->3 0<->2 0<->1 INVALID
3: 0<->3 2<->3 0<->1 0<->2 1<->3 INVALID
3: 0<->3 2<->3 0<->1 1<->3 0<->2 INVALID
3: 0<->3 2<->3 0<->2 0<->1 1<->3 INVALID
3: 0<->3 2<->3 0<->2 1<->3 0<->1 INVALID
3: 0<->3 2<->3 1<->3 0<->1 0<->2 INVALID
3: 0<->3 2<->3 1<->3 0<->2 0<->1 INVALID
3: 1<->3 0<->1 0<->2 0<->3 2<->3 INVALID
3: 1<->3 0<->1 0<->2 2<->3 0<->3 INVALID
3: 1<->3 0<->1 0<->3 0<->2 2<->3 INVALID
3: 1<->3 0<->1 0<->3 2<->3 0<->2 INVALID
3: 1<->3 0<->1 2<->3 0<->2 0<->3 INVALID
3: 1<->3 0<->1 2<->3 0<->3 0<->2 INVALID
3: 1<->3 0<->2 0<->1 0<->3 2<->3 INVALID
3: 1<->3 0<->2 0<->1 2<->3 0<->3 INVALID
3: 1<->3 0<->2 0<->3 0<->1 2<->3 INVALID
3: 1<->3 0<->2 0<->3 2<->3 0<->1 INVALID
3: 1<->3 0<->2 2<->3 0<->1 0<->3 INVALID
3: 1<->3 0<->2 2<->3 0<->3 0<->1 INVALID
3: 1<->3 0<->3 0<->1 0<->2 2<->3 INVALID
3: 1<->3 0<->3 0<->1 2<->3 0<->2 INVALID
3: 1<->3 0<->3 0<->2 0<->1 2<->3 INVALID
3: 1<->3 0<->3 0<->2 2<->3 0<->1 INVALID
3: 1<->3 0<->3 2<->3 0<->1 0<->2 INVALID
3: 1<->3 0<->3 2<->3 0<->2 0<->1 INVALID
3: 1<->3 2<->3 0<->1 0<->2 0<->3 INVALID
3: 1<->3 2<->3 0<->1 0<->3 0<->2 INVALID
3: 1<->3 2<->3 0<->2 0<->1 0<->3 INVALID
3: 1<->3 2<->3 0<->2 0<->3 0<->1 INVALID
3: 1<->3 2<->3 0<->3 0<->1 0<->2 INVALID
3: 1<->3 2<->3 0<->3 0<->2 0<->1 INVALID
3: 2<->3 0<->1 0<->2 0<->3 1<->3 INVALID
3: 2<->3 0<->1 0<->2 1<->3 0<->3 INVALID
3: 2<->3 0<->1 0<->3 0<->2 1<->3 INVALID
3: 2<->3 0<->1 0<->3 1<->3 0<->2 INVALID
3: 2<->3 0<->1 1<->3 0<->2 0<->3 INVALID
3: 2<->3 0<->1 1<->3 0<->3 0<->2 INVALID
3: 2<->3 0<->2 0<->1 0<->3 1<->3 INVALID
3: 2<->3 0<->2 0<->1 1<->3 0<->3 INVALID
3: 2<->3 0<->2 0<->3 0<->1 1<->3 INVALID
3: 2<->3 0<->2 0<->3 1<->3 0<->1 INVALID
3: 2<->3 0<->2 1<->3 0<->1 0<->3 INVALID
3: 2<->3 0<->2 1<->3 0<->3 0<->1 INVALID
3: 2<->3 0<->3 0<->1 0<->2 1<->3 INVALID
3: 2<->3 0<->3 0<->1 1<->3 0<->2 INVALID
3: 2<->3 0<->3 0<->2 0<->1 1<->3 INVALID
3: 2<->3 0<->3 0<->2 1<->3 0<->1 INVALID
3: 2<->3 0<->3 1<->3 0<->1 0<->2 INVALID
3: 2<->3 0<->3 1<->3 0<->2 0<->1 INVALID
3: 2<->3 1<->3 0<->1 0<->2 0<->3 INVALID
3: 2<->3 1<->3 0<->1 0<->3 0<->2 INVALID
3: 2<->3 1<->3 0<->2 0<->1 0<->3 INVALID
3: 2<->3 1<->3 0<->2 0<->3 0<->1 INVALID
3: 2<->3 1<->3 0<->3 0<->1 0<->2 INVALID
3: 2<->3 1<->3 0<->3 0<->2 0<->1 INVALID
4: 0<->1 1<->2 0<->3 1<->3 2<->3 VALID
4: 0<->1 1<->2 0<->3 2<->3 1<->3 INVALID
4: 0<->1 1<->2 1<->3 0<->3 2<->3 VALID
4: 0<->1 1<->2 1<->3 2<->3 0<->3 INVALID
4: 0<->1 1<->2 2<->3 0<->3 1<->3 INVALID
4: 0<->1 1<->2 2<->3 1<->3 0<->3 INVALID
4: 0<->1 0<->3 1<->2 1<->3 2<->3 VALID
4: 0<->1 0<->3 1<->2 2<->3 1<->3 INVALID
4: 0<->1 0<->3 1<->3 1<->2 2<->3 VALID
4: 0<->1 0<->3 1<->3 2<->3 1<->2 VALID
4: 0<->1 0<->3 2<->3 1<->2 1<->3 INVALID
4: 0<->1 0<->3 2<->3 1<->3 1<->2 VALID
4: 0<->1 1<->3 1<->2 0<->3 2<->3 INVALID
4: 0<->1 1<->3 1<->2 2<->3 0<->3 INVALID
4: 0<->1 1<->3 0<->3 1<->2 2<->3 INVALID
4: 0<->1 1<->3 0<->3 2<->3 1<->2 INVALID
4: 0<->1 1<->3 2<->3 1<->2 0<->3 INVALID
4: 0<->1 1<->3 2<->3 0<->3 1<->2 INVALID
4: 0<->1 2<->3 1<->2 0<->3 1<->3 INVALID
4: 0<->1 2<->3 1<->2 1<->3 0<->3 INVALID
4: 0<->1 2<->3 0<->3 1<->2 1<->3 INVALID
4: 0<->1 2<->3 0<->3 1<->3 1<->2 VALID
4: 0<->1 2<->3 1<->3 1<->2 0<->3 INVALID
4: 0<->1 2<->3 1<->3 0<->3 1<->2 INVALID
4: 1<->2 0<->1 0<->3 1<->3 2<->3 INVALID
4: 1<->2 0<->1 0<->3 2<->3 1<->3 INVALID
4: 1<->2 0<->1 1<->3 0<->3 2<->3 INVALID
4: 1<->2 0<->1 1<->3 2<->3 0<->3 INVALID
4: 1<->2 0<->1 2<->3 0<->3 1<->3 INVALID
4: 1<->2 0<->1 2<->3 1<->3 0<->3 INVALID
4: 1<->2 0<->3 0<->1 1<->3 2<->3 INVALID
4: 1<->2 0<->3 0<->1 2<->3 1<->3 INVALID
4: 1<->2 0<->3 1<->3 0<->1 2<->3 INVALID
4: 1<->2 0<->3 1<->3 2<->3 0<->1 INVALID
4: 1<->2 0<->3 2<->3 0<->1 1<->3 INVALID
4: 1<->2 0<->3 2<->3 1<->3 0<->1 INVALID
4: 1<->2 1<->3 0<->1 0<->3 2<->3 INVALID
4: 1<->2 1<->3 0<->1 2<->3 0<->3 INVALID
4: 1<->2 1<->3 0<->3 0<->1 2<->3 INVALID
4: 1<->2 1<->3 0<->3 2<->3 0<->1 INVALID
4: 1<->2 1<->3 2<->3 0<->1 0<->3 INVALID
4: 1<->2 1<->3 2<->3 0<->3 0<->1 INVALID
4: 1<->2 2<->3 0<->1 0<->3 1<->3 INVALID
4: 1<->2 2<->3 0<->1 1<->3 0<->3 INVALID
4: 1<->2 2<->3 0<->3 0<->1 1<->3 INVALID
4: 1<->2 2<->3 0<->3 1<->3 0<->1 INVALID
4: 1<->2 2<->3 1<->3 0<->1 0<->3 INVALID
4: 1<->2 2<->3 1<->3 0<->3 0<->1 INVALID
4: 0<->3 0<->1 1<->2 1<->3 2<->3 VALID
4: 0<->3 0<->1 1<->2 2<->3 1<->3 INVALID
4: 0<->3 0<->1 1<->3 1<->2 2<->3 VALID
4: 0<->3 0<->1 1<->3 2<->3 1<->2 VALID
4: 0<->3 0<->1 2<->3 1<->2 1<->3 INVALID
4: 0<->3 0<->1 2<->3 1<->3 1<->2 VALID
4: 0<->3 1<->2 0<->1 1<->3 2<->3 INVALID
4: 0<->3 1<->2 0<->1 2<->3 1<->3 INVALID
4: 0<->3 1<->2 1<->3 0<->1 2<->3 INVALID
4: 0<->3 1<->2 1<->3 2<->3 0<->1 INVALID
4: 0<->3 1<->2 2<->3 0<->1 1<->3 INVALID
4: 0<->3 1<->2 2<->3 1<->3 0<->1 INVALID
4: 0<->3 1<->3 0<->1 1<->2 2<->3 VALID
4: 0<->3 1<->3 0<->1 2<->3 1<->2 VALID
4: 0<->3 1<->3 1<->2 0<->1 2<->3 INVALID
4: 0<->3 1<->3 1<->2 2<->3 0<->1 INVALID
4: 0<->3 1<->3 2<->3 0<->1 1<->2 VALID
4: 0<->3 1<->3 2<->3 1<->2 0<->1 INVALID
4: 0<->3 2<->3 0<->1 1<->2 1<->3 INVALID
4: 0<->3 2<->3 0<->1 1<->3 1<->2 VALID
4: 0<->3 2<->3 1<->2 0<->1 1<->3 INVALID
4: 0<->3 2<->3 1<->2 1<->3 0<->1 INVALID
4: 0<->3 2<->3 1<->3 0<->1 1<->2 VALID
4: 0<->3 2<->3 1<->3 1<->2 0<->1 INVALID
4: 1<->3 0<->1 1<->2 0<->3 2<->3 INVALID
4: 1<->3 0<->1 1<->2 2<->3 0<->3 INVALID
4: 1<->3 0<->1 0<->3 1<->2 2<->3 INVALID
4: 1<->3 0<->1 0<->3 2<->3 1<->2 INVALID
4: 1<->3 0<->1 2<->3 1<->2 0<->3 INVALID
4: 1<->3 0<->1 2<->3 0<->3 1<->2 INVALID
4: 1<->3 1<->2 0<->1 0<->3 2<->3 INVALID
4: 1<->3 1<->2 0<->1 2<->3 0<->3 INVALID
4: 1<->3 1<->2 0<->3 0<->1 2<->3 INVALID
4: 1<->3 1<->2 0<->3 2<->3 0<->1 INVALID
4: 1<->3 1<->2 2<->3 0<->1 0<->3 INVALID
4: 1<->3 1<->2 2<->3 0<->3 0<->1 INVALID
4: 1<->3 0<->3 0<->1 1<->2 2<->3 VALID
4: 1<->3 0<->3 0<->1 2<->3 1<->2 VALID
4: 1<->3 0<->3 1<->2 0<->1 2<->3 INVALID
4: 1<->3 0<->3 1<->2 2<->3 0<->1 INVALID
4: 1<->3 0<->3 2<->3 0<->1 1<->2 VALID
4: 1<->3 0<->3 2<->3 1<->2 0<->1 INVALID
4: 1<->3 2<->3 0<->1 1<->2 0<->3 INVALID
4: 1<->3 2<->3 0<->1 0<->3 1<->2 INVALID
4: 1<->3 2<->3 1<->2 0<->1 0<->3 INVALID
4: 1<->3 2<->3 1<->2 0<->3 0<->1 INVALID
4: 1<->3 2<->3 0<->3 0<->1 1<->2 VALID
4: 1<->3 2<->3 0<->3 1<->2 0<->1 INVALID
4: 2<->3 0<->1 1<->2 0<->3 1<->3 INVALID
4: 2<->3 0<->1 1<->2 1<->3 0<->3 INVALID
4: 2<->3 0<->1 0<->3 1<->2 1<->3 INVALID
4: 2<->3 0<->1 0<->3 1<->3 1<->2 VALID
4: 2<->3 0<->1 1<->3 1<->2 0<->3 INVALID
4: 2<->3 0<->1 1<->3 0<->3 1<->2 INVALID
4: 2<->3 1<->2 0<->1 0<->3 1<->3 INVALID
4: 2<->3 1<->2 0<->1 1<->3 0<->3 INVALID
4: 2<->3 1<->2 0<->3 0<->1 1<->3 INVALID
4: 2<->3 1<->2 0<->3 1<->3 0<->1 INVALID
4: 2<->3 1<->2 1<->3 0<->1 0<->3 INVALID
4: 2<->3 1<->2 1<->3 0<->3 0<->1 INVALID
4: 2<->3 0<->3 0<->1 1<->2 1<->3 INVALID
4: 2<->3 0<->3 0<->1 1<->3 1<->2 VALID
4: 2<->3 0<->3 1<->2 0<->1 1<->3 INVALID
4: 2<->3 0<->3 1<->2 1<->3 0<->1 INVALID
4: 2<->3 0<->3 1<->3 0<->1 1<->2 VALID
4: 2<->3 0<->3 1<->3 1<->2 0<->1 INVALID
4: 2<->3 1<->3 0<->1 1<->2 0<->3 INVALID
4: 2<->3 1<->3 0<->1 0<->3 1<->2 INVALID
4: 2<->3 1<->3 1<->2 0<->1 0<->3 INVALID
4: 2<->3 1<->3 1<->2 0<->3 0<->1 INVALID
4: 2<->3 1<->3 0<->3 0<->1 1<->2 VALID
4: 2<->3 1<->3 0<->3 1<->2 0<->1 INVALID
5: 0<->2 1<->2 0<->3 1<->3 2<->3 VALID
5: 0<->2 1<->2 0<->3 2<->3 1<->3 INVALID
5: 0<->2 1<->2 1<->3 0<->3 2<->3 VALID
5: 0<->2 1<->2 1<->3 2<->3 0<->3 INVALID
5: 0<->2 1<->2 2<->3 0<->3 1<->3 INVALID
5: 0<->2 1<->2 2<->3 1<->3 0<->3 INVALID
5: 0<->2 0<->3 1<->2 1<->3 2<->3 VALID
5: 0<->2 0<->3 1<->2 2<->3 1<->3 INVALID
5: 0<->2 0<->3 1<->3 1<->2 2<->3 VALID
5: 0<->2 0<->3 1<->3 2<->3 1<->2 VALID
5: 0<->2 0<->3 2<->3 1<->2 1<->3 INVALID
5: 0<->2 0<->3 2<->3 1<->3 1<->2 VALID
5: 0<->2 1<->3 1<->2 0<->3 2<->3 VALID
5: 0<->2 1<->3 1<->2 2<->3 0<->3 INVALID
5: 0<->2 1<->3 0<->3 1<->2 2<->3 VALID
5: 0<->2 1<->3 0<->3 2<->3 1<->2 VALID
5: 0<->2 1<->3 2<->3 1<->2 0<->3 INVALID
5: 0<->2 1<->3 2<->3 0<->3 1<->2 INVALID
5: 0<->2 2<->3 1<->2 0<->3 1<->3 INVALID
5: 0<->2 2<->3 1<->2 1<->3 0<->3 INVALID
5: 0<->2 2<->3 0<->3 1<->2 1<->3 INVALID
5: 0<->2 2<->3 0<->3 1<->3 1<->2 INVALID
5: 0<->2 2<->3 1<->3 1<->2 0<->3 INVALID
5: 0<->2 2<->3 1<->3 0<->3 1<->2 INVALID
5: 1<->2 0<->2 0<->3 1<->3 2<->3 VALID
5: 1<->2 0<->2 0<->3 2<->3 1<->3 INVALID
5: 1<->2 0<->2 1<->3 0<->3 2<->3 VALID
5: 1<->2 0<->2 1<->3 2<->3 0<->3 INVALID
5: 1<->2 0<->2 2<->3 0<->3 1<->3 INVALID
5: 1<->2 0<->2 2<->3 1<->3 0<->3 INVALID
5: 1<->2 0<->3 0<->2 1<->3 2<->3 VALID
5: 1<->2 0<->3 0<->2 2<->3 1<->3 INVALID
5: 1<->2 0<->3 1<->3 0<->2 2<->3 VALID
5: 1<->2 0<->3 1<->3 2<->3 0<->2 VALID
5: 1<->2 0<->3 2<->3 0<->2 1<->3 INVALID
5: 1<->2 0<->3 2<->3 1<->3 0<->2 INVALID
5: 1<->2 1<->3 0<->2 0<->3 2<->3 VALID
5: 1<->2 1<->3 0<->2 2<->3 0<->3 INVALID
5: 1<->2 1<->3 0<->3 0<->2 2<->3 VALID
5: 1<->2 1<->3 0<->3 2<->3 0<->2 VALID
5: 1<->2 1<->3 2<->3 0<->2 0<->3 INVALID
5: 1<->2 1<->3 2<->3 0<->3 0<->2 VALID
5: 1<->2 2<->3 0<->2 0<->3 1<->3 INVALID
5: 1<->2 2<->3 0<->2 1<->3 0<->3 INVALID
5: 1<->2 2<->3 0<->3 0<->2 1<->3 INVALID
5: 1<->2 2<->3 0<->3 1<->3 0<->2 INVALID
5: 1<->2 2<->3 1<->3 0<->2 0<->3 INVALID
5: 1<->2 2<->3 1<->3 0<->3 0<->2 INVALID
5: 0<->3 0<->2 1<->2 1<->3 2<->3 VALID
5: 0<->3 0<->2 1<->2 2<->3 1<->3 INVALID
5: 0<->3 0<->2 1<->3 1<->2 2<->3 VALID
5: 0<->3 0<->2 1<->3 2<->3 1<->2 VALID
5: 0<->3 0<->2 2<->3 1<->2 1<->3 INVALID
5: 0<->3 0<->2 2<->3 1<->3 1<->2 VALID
5: 0<->3 1<->2 0<->2 1<->3 2<->3 VALID
5: 0<->3 1<->2 0<->2 2<->3 1<->3 INVALID
5: 0<->3 1<->2 1<->3 0<->2 2<->3 VALID
5: 0<->3 1<->2 1<->3 2<->3 0<->2 VALID
5: 0<->3 1<->2 2<->3 0<->2 1<->3 INVALID
5: 0<->3 1<->2 2<->3 1<->3 0<->2 INVALID
5: 0<->3 1<->3 0<->2 1<->2 2<->3 VALID
5: 0<->3 1<->3 0<->2 2<->3 1<->2 VALID
5: 0<->3 1<->3 1<->2 0<->2 2<->3 VALID
5: 0<->3 1<->3 1<->2 2<->3 0<->2 VALID
5: 0<->3 1<->3 2<->3 0<->2 1<->2 VALID
5: 0<->3 1<->3 2<->3 1<->2 0<->2 VALID
5: 0<->3 2<->3 0<->2 1<->2 1<->3 INVALID
5: 0<->3 2<->3 0<->2 1<->3 1<->2 VALID
5: 0<->3 2<->3 1<->2 0<->2 1<->3 INVALID
5: 0<->3 2<->3 1<->2 1<->3 0<->2 INVALID
5: 0<->3 2<->3 1<->3 0<->2 1<->2 VALID
5: 0<->3 2<->3 1<->3 1<->2 0<->2 VALID
5: 1<->3 0<->2 1<->2 0<->3 2<->3 VALID
5: 1<->3 0<->2 1<->2 2<->3 0<->3 INVALID
5: 1<->3 0<->2 0<->3 1<->2 2<->3 VALID
5: 1<->3 0<->2 0<->3 2<->3 1<->2 VALID
5: 1<->3 0<->2 2<->3 1<->2 0<->3 INVALID
5: 1<->3 0<->2 2<->3 0<->3 1<->2 INVALID
5: 1<->3 1<->2 0<->2 0<->3 2<->3 VALID
5: 1<->3 1<->2 0<->2 2<->3 0<->3 INVALID
5: 1<->3 1<->2 0<->3 0<->2 2<->3 VALID
5: 1<->3 1<->2 0<->3 2<->3 0<->2 VALID
5: 1<->3 1<->2 2<->3 0<->2 0<->3 INVALID
5: 1<->3 1<->2 2<->3 0<->3 0<->2 VALID
5: 1<->3 0<->3 0<->2 1<->2 2<->3 VALID
5: 1<->3 0<->3 0<->2 2<->3 1<->2 VALID
5: 1<->3 0<->3 1<->2 0<->2 2<->3 VALID
5: 1<->3 0<->3 1<->2 2<->3 0<->2 VALID
5: 1<->3 0<->3 2<->3 0<->2 1<->2 VALID
5: 1<->3 0<->3 2<->3 1<->2 0<->2 VALID
5: 1<->3 2<->3 0<->2 1<->2 0<->3 INVALID
5: 1<->3 2<->3 0<->2 0<->3 1<->2 INVALID
5: 1<->3 2<->3 1<->2 0<->2 0<->3 INVALID
5: 1<->3 2<->3 1<->2 0<->3 0<->2 VALID
5: 1<->3 2<->3 0<->3 0<->2 1<->2 VALID
5: 1<->3 2<->3 0<->3 1<->2 0<->2 VALID
5: 2<->3 0<->2 1<->2 0<->3 1<->3 INVALID
5: 2<->3 0<->2 1<->2 1<->3 0<->3 INVALID
5: 2<->3 0<->2 0<->3 1<->2 1<->3 INVALID
5: 2<->3 0<->2 0<->3 1<->3 1<->2 INVALID
5: 2<->3 0<->2 1<->3 1<->2 0<->3 INVALID
5: 2<->3 0<->2 1<->3 0<->3 1<->2 INVALID
5: 2<->3 1<->2 0<->2 0<->3 1<->3 INVALID
5: 2<->3 1<->2 0<->2 1<->3 0<->3 INVALID
5: 2<->3 1<->2 0<->3 0<->2 1<->3 INVALID
5: 2<->3 1<->2 0<->3 1<->3 0<->2 INVALID
5: 2<->3 1<->2 1<->3 0<->2 0<->3 INVALID
5: 2<->3 1<->2 1<->3 0<->3 0<->2 INVALID
5: 2<->3 0<->3 0<->2 1<->2 1<->3 INVALID
5: 2<->3 0<->3 0<->2 1<->3 1<->2 VALID
5: 2<->3 0<->3 1<->2 0<->2 1<->3 INVALID
5: 2<->3 0<->3 1<->2 1<->3 0<->2 INVALID
5: 2<->3 0<->3 1<->3 0<->2 1<->2 VALID
5: 2<->3 0<->3 1<->3 1<->2 0<->2 VALID
5: 2<->3 1<->3 0<->2 1<->2 0<->3 INVALID
5: 2<->3 1<->3 0<->2 0<->3 1<->2 INVALID
5: 2<->3 1<->3 1<->2 0<->2 0<->3 INVALID
5: 2<->3 1<->3 1<->2 0<->3 0<->2 VALID
5: 2<->3 1<->3 0<->3 0<->2 1<->2 VALID
5: 2<->3 1<->3 0<->3 1<->2 0<->2 VALID

real	0m0.144s
user	0m0.013s
sys	0m0.005s
